20-04-2021 21:24:06.953 [Gauge] [INFO] Watching directory: C:\Users\user\Desktop\AkbankWebAutomation\specs
20-04-2021 21:24:06.955 [Gauge] [DEBUG] Found 1 files
20-04-2021 21:24:06.980 [Gauge] [INFO] Initializing concepts cache with 0 concepts
20-04-2021 21:24:07.000 [Gauge] [INFO] Spec file added / modified: C:\Users\user\Desktop\AkbankWebAutomation\specs\creditCalculation.spec
20-04-2021 21:34:48.997 [Gauge] [INFO] Watching directory: C:\Users\user\Desktop\AkbankWebAutomation\specs
20-04-2021 21:34:48.998 [Gauge] [DEBUG] Found 1 files
20-04-2021 21:34:49.001 [Gauge] [INFO] Initializing concepts cache with 0 concepts
20-04-2021 21:34:49.002 [Gauge] [INFO] Initializing specs cache with 1 specs
20-04-2021 21:34:49.002 [Gauge] [DEBUG] Adding specs from C:\Users\user\Desktop\AkbankWebAutomation\specs\creditCalculation.spec
20-04-2021 21:34:49.002 [Gauge] [INFO] Initializing steps cache with 1 steps
20-04-2021 21:34:49.002 [Gauge] [INFO] Gauge daemon initialized and listening on port: 56130
20-04-2021 21:34:56.049 [Gauge] [DEBUG] Api Request Received: messageType:GetStepValueRequest  messageId:4  stepValueRequest:{stepText:"Set 'VADE' as \"20AY\""}
20-04-2021 21:34:56.057 [Gauge] [DEBUG] Sending API response: messageType:GetStepValueResponse  messageId:4  stepValueResponse:{stepValue:{stepValue:"Set 'VADE' as {}"  parameterizedStepValue:"Set 'VADE' as <20AY>"  parameters:"20AY"}}
20-04-2021 21:34:56.058 [Gauge] [DEBUG] Api Request Received: messageType:GetStepValueRequest  messageId:4  stepValueRequest:{stepText:"Enter Akbank Home Page; \"https://www.akbank.com\""}
20-04-2021 21:34:56.058 [Gauge] [DEBUG] Sending API response: messageType:GetStepValueResponse  messageId:4  stepValueResponse:{stepValue:{stepValue:"Enter Akbank Home Page; {}"  parameterizedStepValue:"Enter Akbank Home Page; <https://www.akbank.com>"  parameters:"https://www.akbank.com"}}
20-04-2021 21:34:56.299 [Gauge] [DEBUG] Api Request Received: messageType:GetStepValueRequest  messageId:4  stepValueRequest:{stepText:"Click on 'Kredi Hesaplama'"}
20-04-2021 21:34:56.300 [Gauge] [DEBUG] Sending API response: messageType:GetStepValueResponse  messageId:4  stepValueResponse:{stepValue:{stepValue:"Click on 'Kredi Hesaplama'"  parameterizedStepValue:"Click on 'Kredi Hesaplama'"}}
20-04-2021 21:34:56.301 [Gauge] [DEBUG] Api Request Received: messageType:GetStepValueRequest  messageId:4  stepValueRequest:{stepText:"Click on 'Kredi Hesaplama'"}
20-04-2021 21:34:56.302 [Gauge] [DEBUG] Sending API response: messageType:GetStepValueResponse  messageId:4  stepValueResponse:{stepValue:{stepValue:"Click on 'Kredi Hesaplama'"  parameterizedStepValue:"Click on 'Kredi Hesaplama'"}}
20-04-2021 21:34:56.302 [Gauge] [DEBUG] Api Request Received: messageType:GetStepValueRequest  messageId:4  stepValueRequest:{stepText:"Enter <key> TL in 'TUTAR' field"}
20-04-2021 21:34:56.302 [Gauge] [DEBUG] Sending API response: messageType:GetStepValueResponse  messageId:4  stepValueResponse:{stepValue:{stepValue:"Enter {} TL in 'TUTAR' field"  parameterizedStepValue:"Enter <key> TL in 'TUTAR' field"  parameters:"key"}}
20-04-2021 21:34:56.303 [Gauge] [DEBUG] Api Request Received: messageType:GetStepValueRequest  messageId:4  stepValueRequest:{stepText:"Enter <key> TL in 'TUTAR' field"}
20-04-2021 21:34:56.304 [Gauge] [DEBUG] Sending API response: messageType:GetStepValueResponse  messageId:4  stepValueResponse:{stepValue:{stepValue:"Enter {} TL in 'TUTAR' field"  parameterizedStepValue:"Enter <key> TL in 'TUTAR' field"  parameters:"key"}}
20-04-2021 21:34:56.304 [Gauge] [DEBUG] Api Request Received: messageType:GetStepValueRequest  messageId:4  stepValueRequest:{stepText:"Choose <key>"}
20-04-2021 21:34:56.304 [Gauge] [DEBUG] Sending API response: messageType:GetStepValueResponse  messageId:4  stepValueResponse:{stepValue:{stepValue:"Choose {}"  parameterizedStepValue:"Choose <key>"  parameters:"key"}}
20-04-2021 21:34:56.306 [Gauge] [DEBUG] Api Request Received: messageType:GetStepValueRequest  messageId:4  stepValueRequest:{stepText:"Choose <key>"}
20-04-2021 21:34:56.306 [Gauge] [DEBUG] Sending API response: messageType:GetStepValueResponse  messageId:4  stepValueResponse:{stepValue:{stepValue:"Choose {}"  parameterizedStepValue:"Choose <key>"  parameters:"key"}}
20-04-2021 21:34:56.308 [Gauge] [DEBUG] Api Request Received: messageType:GetStepValueRequest  messageId:4  stepValueRequest:{stepText:"Set 'VADE' as <key>"}
20-04-2021 21:34:56.309 [Gauge] [DEBUG] Sending API response: messageType:GetStepValueResponse  messageId:4  stepValueResponse:{stepValue:{stepValue:"Set 'VADE' as {}"  parameterizedStepValue:"Set 'VADE' as <key>"  parameters:"key"}}
20-04-2021 21:34:56.310 [Gauge] [DEBUG] Api Request Received: messageType:GetStepValueRequest  messageId:4  stepValueRequest:{stepText:"Set 'VADE' as <key>"}
20-04-2021 21:34:56.316 [Gauge] [DEBUG] Sending API response: messageType:GetStepValueResponse  messageId:4  stepValueResponse:{stepValue:{stepValue:"Set 'VADE' as {}"  parameterizedStepValue:"Set 'VADE' as <key>"  parameters:"key"}}
20-04-2021 21:34:56.318 [Gauge] [DEBUG] Api Request Received: messageType:GetStepValueRequest  messageId:4  stepValueRequest:{stepText:"Click 'Hesaplama Detayları'"}
20-04-2021 21:34:56.319 [Gauge] [DEBUG] Sending API response: messageType:GetStepValueResponse  messageId:4  stepValueResponse:{stepValue:{stepValue:"Click 'Hesaplama Detayları'"  parameterizedStepValue:"Click 'Hesaplama Detayları'"}}
20-04-2021 21:34:56.321 [Gauge] [DEBUG] Api Request Received: messageType:GetStepValueRequest  messageId:4  stepValueRequest:{stepText:"Check <key> is opened"}
20-04-2021 21:34:56.322 [Gauge] [DEBUG] Sending API response: messageType:GetStepValueResponse  messageId:4  stepValueResponse:{stepValue:{stepValue:"Check {} is opened"  parameterizedStepValue:"Check <key> is opened"  parameters:"key"}}
20-04-2021 21:34:56.322 [Gauge] [DEBUG] Api Request Received: messageType:GetStepValueRequest  messageId:4  stepValueRequest:{stepText:"Click 'Ödeme Planı'"}
20-04-2021 21:34:56.322 [Gauge] [DEBUG] Sending API response: messageType:GetStepValueResponse  messageId:4  stepValueResponse:{stepValue:{stepValue:"Click 'Ödeme Planı'"  parameterizedStepValue:"Click 'Ödeme Planı'"}}
20-04-2021 21:34:56.323 [Gauge] [DEBUG] Api Request Received: messageType:GetStepValueRequest  messageId:4  stepValueRequest:{stepText:"Scroll down on the 'Ödeme Planı' page until 20th is seen"}
20-04-2021 21:34:56.324 [Gauge] [DEBUG] Sending API response: messageType:GetStepValueResponse  messageId:4  stepValueResponse:{stepValue:{stepValue:"Scroll down on the 'Ödeme Planı' page until 20th is seen"  parameterizedStepValue:"Scroll down on the 'Ödeme Planı' page until 20th is seen"}}
20-04-2021 21:34:56.325 [Gauge] [DEBUG] Api Request Received: messageType:GetStepValueRequest  messageId:4  stepValueRequest:{stepText:"Enter Akbank Home Page; <key>"}
20-04-2021 21:34:56.326 [Gauge] [DEBUG] Sending API response: messageType:GetStepValueResponse  messageId:4  stepValueResponse:{stepValue:{stepValue:"Enter Akbank Home Page; {}"  parameterizedStepValue:"Enter Akbank Home Page; <key>"  parameters:"key"}}
20-04-2021 21:34:56.327 [Gauge] [DEBUG] Api Request Received: messageType:GetStepValueRequest  messageId:4  stepValueRequest:{stepText:"Scroll down to the bottom of the page"}
20-04-2021 21:34:56.333 [Gauge] [DEBUG] Sending API response: messageType:GetStepValueResponse  messageId:4  stepValueResponse:{stepValue:{stepValue:"Scroll down to the bottom of the page"  parameterizedStepValue:"Scroll down to the bottom of the page"}}
20-04-2021 21:34:56.342 [Gauge] [DEBUG] Api Request Received: messageType:GetStepValueRequest  messageId:4  stepValueRequest:{stepText:"Enter \"50000\" TL in 'TUTAR' field"}
20-04-2021 21:34:56.343 [Gauge] [DEBUG] Sending API response: messageType:GetStepValueResponse  messageId:4  stepValueResponse:{stepValue:{stepValue:"Enter {} TL in 'TUTAR' field"  parameterizedStepValue:"Enter <50000> TL in 'TUTAR' field"  parameters:"50000"}}
20-04-2021 21:34:56.346 [Gauge] [DEBUG] Api Request Received: messageType:GetStepValueRequest  messageId:4  stepValueRequest:{stepText:"Choose \"SİGORTASIZ\""}
20-04-2021 21:34:56.346 [Gauge] [DEBUG] Sending API response: messageType:GetStepValueResponse  messageId:4  stepValueResponse:{stepValue:{stepValue:"Choose {}"  parameterizedStepValue:"Choose <SİGORTASIZ>"  parameters:"SİGORTASIZ"}}
20-04-2021 21:34:56.353 [Gauge] [DEBUG] Api Request Received: messageType:GetStepValueRequest  messageId:4  stepValueRequest:{stepText:"Check \"Masraf ve Maliyet Oranları\" is opened"}
20-04-2021 21:34:56.353 [Gauge] [DEBUG] Sending API response: messageType:GetStepValueResponse  messageId:4  stepValueResponse:{stepValue:{stepValue:"Check {} is opened"  parameterizedStepValue:"Check <Masraf ve Maliyet Oranları> is opened"  parameters:"Masraf ve Maliyet Oranları"}}
20-04-2021 21:34:56.370 [Gauge] [DEBUG] Api Request Received: messageType:GetStepValueRequest  messageId:4  stepValueRequest:{stepText:"Check \"Ödeme Planı\" is opened"}
20-04-2021 21:34:56.371 [Gauge] [DEBUG] Sending API response: messageType:GetStepValueResponse  messageId:4  stepValueResponse:{stepValue:{stepValue:"Check {} is opened"  parameterizedStepValue:"Check <Ödeme Planı> is opened"  parameters:"Ödeme Planı"}}
20-04-2021 21:39:50.893 [Gauge] [INFO] Watching directory: C:\Users\user\Desktop\AkbankWebAutomation\specs
20-04-2021 21:39:50.893 [Gauge] [DEBUG] Found 1 files
20-04-2021 21:39:50.896 [Gauge] [INFO] Initializing concepts cache with 0 concepts
20-04-2021 21:39:50.897 [Gauge] [INFO] Initializing specs cache with 1 specs
20-04-2021 21:39:50.897 [Gauge] [DEBUG] Adding specs from C:\Users\user\Desktop\AkbankWebAutomation\specs\creditCalculation.spec
20-04-2021 21:39:50.897 [Gauge] [INFO] Initializing steps cache with 1 steps
20-04-2021 21:39:50.897 [Gauge] [INFO] Gauge daemon initialized and listening on port: 56187
20-04-2021 21:39:57.091 [Gauge] [DEBUG] Api Request Received: messageType:GetStepValueRequest  messageId:4  stepValueRequest:{stepText:"Set 'VADE' as \"20AY\""}
20-04-2021 21:39:57.091 [Gauge] [DEBUG] Sending API response: messageType:GetStepValueResponse  messageId:4  stepValueResponse:{stepValue:{stepValue:"Set 'VADE' as {}"  parameterizedStepValue:"Set 'VADE' as <20AY>"  parameters:"20AY"}}
20-04-2021 21:39:57.110 [Gauge] [DEBUG] Api Request Received: messageType:GetStepValueRequest  messageId:4  stepValueRequest:{stepText:"Enter Akbank Home Page; \"https://www.akbank.com\""}
20-04-2021 21:39:57.111 [Gauge] [DEBUG] Sending API response: messageType:GetStepValueResponse  messageId:4  stepValueResponse:{stepValue:{stepValue:"Enter Akbank Home Page; {}"  parameterizedStepValue:"Enter Akbank Home Page; <https://www.akbank.com>"  parameters:"https://www.akbank.com"}}
20-04-2021 21:39:57.352 [Gauge] [DEBUG] Api Request Received: messageType:GetStepValueRequest  messageId:4  stepValueRequest:{stepText:"Click on 'Kredi Hesaplama'"}
20-04-2021 21:39:57.352 [Gauge] [DEBUG] Sending API response: messageType:GetStepValueResponse  messageId:4  stepValueResponse:{stepValue:{stepValue:"Click on 'Kredi Hesaplama'"  parameterizedStepValue:"Click on 'Kredi Hesaplama'"}}
20-04-2021 21:39:57.355 [Gauge] [DEBUG] Api Request Received: messageType:GetStepValueRequest  messageId:4  stepValueRequest:{stepText:"Click on 'Kredi Hesaplama'"}
20-04-2021 21:39:57.355 [Gauge] [DEBUG] Sending API response: messageType:GetStepValueResponse  messageId:4  stepValueResponse:{stepValue:{stepValue:"Click on 'Kredi Hesaplama'"  parameterizedStepValue:"Click on 'Kredi Hesaplama'"}}
20-04-2021 21:39:57.355 [Gauge] [DEBUG] Api Request Received: messageType:GetStepValueRequest  messageId:4  stepValueRequest:{stepText:"Enter <key> TL in 'TUTAR' field"}
20-04-2021 21:39:57.355 [Gauge] [DEBUG] Sending API response: messageType:GetStepValueResponse  messageId:4  stepValueResponse:{stepValue:{stepValue:"Enter {} TL in 'TUTAR' field"  parameterizedStepValue:"Enter <key> TL in 'TUTAR' field"  parameters:"key"}}
20-04-2021 21:39:57.355 [Gauge] [DEBUG] Api Request Received: messageType:GetStepValueRequest  messageId:4  stepValueRequest:{stepText:"Enter <key> TL in 'TUTAR' field"}
20-04-2021 21:39:57.355 [Gauge] [DEBUG] Sending API response: messageType:GetStepValueResponse  messageId:4  stepValueResponse:{stepValue:{stepValue:"Enter {} TL in 'TUTAR' field"  parameterizedStepValue:"Enter <key> TL in 'TUTAR' field"  parameters:"key"}}
20-04-2021 21:39:57.356 [Gauge] [DEBUG] Api Request Received: messageType:GetStepValueRequest  messageId:4  stepValueRequest:{stepText:"Choose <key>"}
20-04-2021 21:39:57.356 [Gauge] [DEBUG] Sending API response: messageType:GetStepValueResponse  messageId:4  stepValueResponse:{stepValue:{stepValue:"Choose {}"  parameterizedStepValue:"Choose <key>"  parameters:"key"}}
20-04-2021 21:39:57.356 [Gauge] [DEBUG] Api Request Received: messageType:GetStepValueRequest  messageId:4  stepValueRequest:{stepText:"Choose <key>"}
20-04-2021 21:39:57.356 [Gauge] [DEBUG] Sending API response: messageType:GetStepValueResponse  messageId:4  stepValueResponse:{stepValue:{stepValue:"Choose {}"  parameterizedStepValue:"Choose <key>"  parameters:"key"}}
20-04-2021 21:39:57.357 [Gauge] [DEBUG] Api Request Received: messageType:GetStepValueRequest  messageId:4  stepValueRequest:{stepText:"Set 'VADE' as <key>"}
20-04-2021 21:39:57.357 [Gauge] [DEBUG] Sending API response: messageType:GetStepValueResponse  messageId:4  stepValueResponse:{stepValue:{stepValue:"Set 'VADE' as {}"  parameterizedStepValue:"Set 'VADE' as <key>"  parameters:"key"}}
20-04-2021 21:39:57.357 [Gauge] [DEBUG] Api Request Received: messageType:GetStepValueRequest  messageId:4  stepValueRequest:{stepText:"Set 'VADE' as <key>"}
20-04-2021 21:39:57.357 [Gauge] [DEBUG] Sending API response: messageType:GetStepValueResponse  messageId:4  stepValueResponse:{stepValue:{stepValue:"Set 'VADE' as {}"  parameterizedStepValue:"Set 'VADE' as <key>"  parameters:"key"}}
20-04-2021 21:39:57.358 [Gauge] [DEBUG] Api Request Received: messageType:GetStepValueRequest  messageId:4  stepValueRequest:{stepText:"Click 'Hesaplama Detayları'"}
20-04-2021 21:39:57.358 [Gauge] [DEBUG] Sending API response: messageType:GetStepValueResponse  messageId:4  stepValueResponse:{stepValue:{stepValue:"Click 'Hesaplama Detayları'"  parameterizedStepValue:"Click 'Hesaplama Detayları'"}}
20-04-2021 21:39:57.358 [Gauge] [DEBUG] Api Request Received: messageType:GetStepValueRequest  messageId:4  stepValueRequest:{stepText:"Check <key> is opened"}
20-04-2021 21:39:57.359 [Gauge] [DEBUG] Sending API response: messageType:GetStepValueResponse  messageId:4  stepValueResponse:{stepValue:{stepValue:"Check {} is opened"  parameterizedStepValue:"Check <key> is opened"  parameters:"key"}}
20-04-2021 21:39:57.359 [Gauge] [DEBUG] Api Request Received: messageType:GetStepValueRequest  messageId:4  stepValueRequest:{stepText:"Click 'Ödeme Planı'"}
20-04-2021 21:39:57.366 [Gauge] [DEBUG] Sending API response: messageType:GetStepValueResponse  messageId:4  stepValueResponse:{stepValue:{stepValue:"Click 'Ödeme Planı'"  parameterizedStepValue:"Click 'Ödeme Planı'"}}
20-04-2021 21:39:57.369 [Gauge] [DEBUG] Api Request Received: messageType:GetStepValueRequest  messageId:4  stepValueRequest:{stepText:"Scroll down on the 'Ödeme Planı' page until 20th is seen"}
20-04-2021 21:39:57.370 [Gauge] [DEBUG] Sending API response: messageType:GetStepValueResponse  messageId:4  stepValueResponse:{stepValue:{stepValue:"Scroll down on the 'Ödeme Planı' page until 20th is seen"  parameterizedStepValue:"Scroll down on the 'Ödeme Planı' page until 20th is seen"}}
20-04-2021 21:39:57.371 [Gauge] [DEBUG] Api Request Received: messageType:GetStepValueRequest  messageId:4  stepValueRequest:{stepText:"Enter Akbank Home Page; <key>"}
20-04-2021 21:39:57.375 [Gauge] [DEBUG] Sending API response: messageType:GetStepValueResponse  messageId:4  stepValueResponse:{stepValue:{stepValue:"Enter Akbank Home Page; {}"  parameterizedStepValue:"Enter Akbank Home Page; <key>"  parameters:"key"}}
20-04-2021 21:39:57.380 [Gauge] [DEBUG] Api Request Received: messageType:GetStepValueRequest  messageId:4  stepValueRequest:{stepText:"Scroll down to the bottom of the page"}
20-04-2021 21:39:57.380 [Gauge] [DEBUG] Sending API response: messageType:GetStepValueResponse  messageId:4  stepValueResponse:{stepValue:{stepValue:"Scroll down to the bottom of the page"  parameterizedStepValue:"Scroll down to the bottom of the page"}}
20-04-2021 21:39:57.389 [Gauge] [DEBUG] Api Request Received: messageType:GetStepValueRequest  messageId:4  stepValueRequest:{stepText:"Enter \"50000\" TL in 'TUTAR' field"}
20-04-2021 21:39:57.390 [Gauge] [DEBUG] Sending API response: messageType:GetStepValueResponse  messageId:4  stepValueResponse:{stepValue:{stepValue:"Enter {} TL in 'TUTAR' field"  parameterizedStepValue:"Enter <50000> TL in 'TUTAR' field"  parameters:"50000"}}
20-04-2021 21:39:57.393 [Gauge] [DEBUG] Api Request Received: messageType:GetStepValueRequest  messageId:4  stepValueRequest:{stepText:"Choose \"SİGORTASIZ\""}
20-04-2021 21:39:57.393 [Gauge] [DEBUG] Sending API response: messageType:GetStepValueResponse  messageId:4  stepValueResponse:{stepValue:{stepValue:"Choose {}"  parameterizedStepValue:"Choose <SİGORTASIZ>"  parameters:"SİGORTASIZ"}}
20-04-2021 21:39:57.397 [Gauge] [DEBUG] Api Request Received: messageType:GetStepValueRequest  messageId:4  stepValueRequest:{stepText:"Check \"Masraf ve Maliyet Oranları\" is opened"}
20-04-2021 21:39:57.397 [Gauge] [DEBUG] Sending API response: messageType:GetStepValueResponse  messageId:4  stepValueResponse:{stepValue:{stepValue:"Check {} is opened"  parameterizedStepValue:"Check <Masraf ve Maliyet Oranları> is opened"  parameters:"Masraf ve Maliyet Oranları"}}
20-04-2021 21:39:57.406 [Gauge] [DEBUG] Api Request Received: messageType:GetStepValueRequest  messageId:4  stepValueRequest:{stepText:"Check \"Ödeme Planı\" is opened"}
20-04-2021 21:39:57.409 [Gauge] [DEBUG] Sending API response: messageType:GetStepValueResponse  messageId:4  stepValueResponse:{stepValue:{stepValue:"Check {} is opened"  parameterizedStepValue:"Check <Ödeme Planı> is opened"  parameters:"Ödeme Planı"}}
20-04-2021 21:40:43.219 [Gauge] [INFO] Watching directory: C:\Users\user\Desktop\AkbankWebAutomation\specs
20-04-2021 21:40:43.220 [Gauge] [DEBUG] Found 1 files
20-04-2021 21:40:43.224 [Gauge] [INFO] Initializing concepts cache with 0 concepts
20-04-2021 21:40:43.225 [Gauge] [INFO] Initializing specs cache with 1 specs
20-04-2021 21:40:43.225 [Gauge] [DEBUG] Adding specs from C:\Users\user\Desktop\AkbankWebAutomation\specs\creditCalculation.spec
20-04-2021 21:40:43.225 [Gauge] [INFO] Initializing steps cache with 1 steps
20-04-2021 21:40:43.225 [Gauge] [INFO] Gauge daemon initialized and listening on port: 56219
20-04-2021 21:40:49.359 [Gauge] [DEBUG] Api Request Received: messageType:GetStepValueRequest  messageId:4  stepValueRequest:{stepText:"Enter Akbank Home Page; \"https://www.akbank.com\""}
20-04-2021 21:40:49.363 [Gauge] [DEBUG] Sending API response: messageType:GetStepValueResponse  messageId:4  stepValueResponse:{stepValue:{stepValue:"Enter Akbank Home Page; {}"  parameterizedStepValue:"Enter Akbank Home Page; <https://www.akbank.com>"  parameters:"https://www.akbank.com"}}
20-04-2021 21:40:49.411 [Gauge] [DEBUG] Api Request Received: messageType:GetStepValueRequest  messageId:4  stepValueRequest:{stepText:"Set 'VADE' as \"20AY\""}
20-04-2021 21:40:49.421 [Gauge] [DEBUG] Sending API response: messageType:GetStepValueResponse  messageId:4  stepValueResponse:{stepValue:{stepValue:"Set 'VADE' as {}"  parameterizedStepValue:"Set 'VADE' as <20AY>"  parameters:"20AY"}}
20-04-2021 21:40:49.713 [Gauge] [DEBUG] Api Request Received: messageType:GetStepValueRequest  messageId:4  stepValueRequest:{stepText:"Click on 'Kredi Hesaplama'"}
20-04-2021 21:40:49.713 [Gauge] [DEBUG] Sending API response: messageType:GetStepValueResponse  messageId:4  stepValueResponse:{stepValue:{stepValue:"Click on 'Kredi Hesaplama'"  parameterizedStepValue:"Click on 'Kredi Hesaplama'"}}
20-04-2021 21:40:49.713 [Gauge] [DEBUG] Api Request Received: messageType:GetStepValueRequest  messageId:4  stepValueRequest:{stepText:"Click on 'Kredi Hesaplama'"}
20-04-2021 21:40:49.713 [Gauge] [DEBUG] Sending API response: messageType:GetStepValueResponse  messageId:4  stepValueResponse:{stepValue:{stepValue:"Click on 'Kredi Hesaplama'"  parameterizedStepValue:"Click on 'Kredi Hesaplama'"}}
20-04-2021 21:40:49.728 [Gauge] [DEBUG] Api Request Received: messageType:GetStepValueRequest  messageId:4  stepValueRequest:{stepText:"Enter <key> TL in 'TUTAR' field"}
20-04-2021 21:40:49.728 [Gauge] [DEBUG] Sending API response: messageType:GetStepValueResponse  messageId:4  stepValueResponse:{stepValue:{stepValue:"Enter {} TL in 'TUTAR' field"  parameterizedStepValue:"Enter <key> TL in 'TUTAR' field"  parameters:"key"}}
20-04-2021 21:40:49.728 [Gauge] [DEBUG] Api Request Received: messageType:GetStepValueRequest  messageId:4  stepValueRequest:{stepText:"Enter <key> TL in 'TUTAR' field"}
20-04-2021 21:40:49.728 [Gauge] [DEBUG] Sending API response: messageType:GetStepValueResponse  messageId:4  stepValueResponse:{stepValue:{stepValue:"Enter {} TL in 'TUTAR' field"  parameterizedStepValue:"Enter <key> TL in 'TUTAR' field"  parameters:"key"}}
20-04-2021 21:40:49.728 [Gauge] [DEBUG] Api Request Received: messageType:GetStepValueRequest  messageId:4  stepValueRequest:{stepText:"Choose <key>"}
20-04-2021 21:40:49.728 [Gauge] [DEBUG] Sending API response: messageType:GetStepValueResponse  messageId:4  stepValueResponse:{stepValue:{stepValue:"Choose {}"  parameterizedStepValue:"Choose <key>"  parameters:"key"}}
20-04-2021 21:40:49.729 [Gauge] [DEBUG] Api Request Received: messageType:GetStepValueRequest  messageId:4  stepValueRequest:{stepText:"Choose <key>"}
20-04-2021 21:40:49.729 [Gauge] [DEBUG] Sending API response: messageType:GetStepValueResponse  messageId:4  stepValueResponse:{stepValue:{stepValue:"Choose {}"  parameterizedStepValue:"Choose <key>"  parameters:"key"}}
20-04-2021 21:40:49.730 [Gauge] [DEBUG] Api Request Received: messageType:GetStepValueRequest  messageId:4  stepValueRequest:{stepText:"Set 'VADE' as <key>"}
20-04-2021 21:40:49.730 [Gauge] [DEBUG] Sending API response: messageType:GetStepValueResponse  messageId:4  stepValueResponse:{stepValue:{stepValue:"Set 'VADE' as {}"  parameterizedStepValue:"Set 'VADE' as <key>"  parameters:"key"}}
20-04-2021 21:40:49.730 [Gauge] [DEBUG] Api Request Received: messageType:GetStepValueRequest  messageId:4  stepValueRequest:{stepText:"Set 'VADE' as <key>"}
20-04-2021 21:40:49.730 [Gauge] [DEBUG] Sending API response: messageType:GetStepValueResponse  messageId:4  stepValueResponse:{stepValue:{stepValue:"Set 'VADE' as {}"  parameterizedStepValue:"Set 'VADE' as <key>"  parameters:"key"}}
20-04-2021 21:40:49.733 [Gauge] [DEBUG] Api Request Received: messageType:GetStepValueRequest  messageId:4  stepValueRequest:{stepText:"Click 'Hesaplama Detayları'"}
20-04-2021 21:40:49.733 [Gauge] [DEBUG] Sending API response: messageType:GetStepValueResponse  messageId:4  stepValueResponse:{stepValue:{stepValue:"Click 'Hesaplama Detayları'"  parameterizedStepValue:"Click 'Hesaplama Detayları'"}}
20-04-2021 21:40:49.736 [Gauge] [DEBUG] Api Request Received: messageType:GetStepValueRequest  messageId:4  stepValueRequest:{stepText:"Check <key> is opened"}
20-04-2021 21:40:49.737 [Gauge] [DEBUG] Sending API response: messageType:GetStepValueResponse  messageId:4  stepValueResponse:{stepValue:{stepValue:"Check {} is opened"  parameterizedStepValue:"Check <key> is opened"  parameters:"key"}}
20-04-2021 21:40:49.737 [Gauge] [DEBUG] Api Request Received: messageType:GetStepValueRequest  messageId:4  stepValueRequest:{stepText:"Click 'Ödeme Planı'"}
20-04-2021 21:40:49.737 [Gauge] [DEBUG] Sending API response: messageType:GetStepValueResponse  messageId:4  stepValueResponse:{stepValue:{stepValue:"Click 'Ödeme Planı'"  parameterizedStepValue:"Click 'Ödeme Planı'"}}
20-04-2021 21:40:49.738 [Gauge] [DEBUG] Api Request Received: messageType:GetStepValueRequest  messageId:4  stepValueRequest:{stepText:"Scroll down on the 'Ödeme Planı' page until 20th is seen"}
20-04-2021 21:40:49.741 [Gauge] [DEBUG] Sending API response: messageType:GetStepValueResponse  messageId:4  stepValueResponse:{stepValue:{stepValue:"Scroll down on the 'Ödeme Planı' page until 20th is seen"  parameterizedStepValue:"Scroll down on the 'Ödeme Planı' page until 20th is seen"}}
20-04-2021 21:40:49.742 [Gauge] [DEBUG] Api Request Received: messageType:GetStepValueRequest  messageId:4  stepValueRequest:{stepText:"Enter Akbank Home Page; <key>"}
20-04-2021 21:40:49.742 [Gauge] [DEBUG] Sending API response: messageType:GetStepValueResponse  messageId:4  stepValueResponse:{stepValue:{stepValue:"Enter Akbank Home Page; {}"  parameterizedStepValue:"Enter Akbank Home Page; <key>"  parameters:"key"}}
20-04-2021 21:40:49.748 [Gauge] [DEBUG] Api Request Received: messageType:GetStepValueRequest  messageId:4  stepValueRequest:{stepText:"Scroll down to the bottom of the page"}
20-04-2021 21:40:49.749 [Gauge] [DEBUG] Sending API response: messageType:GetStepValueResponse  messageId:4  stepValueResponse:{stepValue:{stepValue:"Scroll down to the bottom of the page"  parameterizedStepValue:"Scroll down to the bottom of the page"}}
20-04-2021 21:40:49.759 [Gauge] [DEBUG] Api Request Received: messageType:GetStepValueRequest  messageId:4  stepValueRequest:{stepText:"Enter \"50000\" TL in 'TUTAR' field"}
20-04-2021 21:40:49.760 [Gauge] [DEBUG] Sending API response: messageType:GetStepValueResponse  messageId:4  stepValueResponse:{stepValue:{stepValue:"Enter {} TL in 'TUTAR' field"  parameterizedStepValue:"Enter <50000> TL in 'TUTAR' field"  parameters:"50000"}}
20-04-2021 21:40:49.765 [Gauge] [DEBUG] Api Request Received: messageType:GetStepValueRequest  messageId:4  stepValueRequest:{stepText:"Choose \"SİGORTASIZ\""}
20-04-2021 21:40:49.765 [Gauge] [DEBUG] Sending API response: messageType:GetStepValueResponse  messageId:4  stepValueResponse:{stepValue:{stepValue:"Choose {}"  parameterizedStepValue:"Choose <SİGORTASIZ>"  parameters:"SİGORTASIZ"}}
20-04-2021 21:40:49.774 [Gauge] [DEBUG] Api Request Received: messageType:GetStepValueRequest  messageId:4  stepValueRequest:{stepText:"Check \"Masraf ve Maliyet Oranları\" is opened"}
20-04-2021 21:40:49.776 [Gauge] [DEBUG] Sending API response: messageType:GetStepValueResponse  messageId:4  stepValueResponse:{stepValue:{stepValue:"Check {} is opened"  parameterizedStepValue:"Check <Masraf ve Maliyet Oranları> is opened"  parameters:"Masraf ve Maliyet Oranları"}}
20-04-2021 21:40:49.780 [Gauge] [DEBUG] Api Request Received: messageType:GetStepValueRequest  messageId:4  stepValueRequest:{stepText:"Check \"Ödeme Planı\" is opened"}
20-04-2021 21:40:49.786 [Gauge] [DEBUG] Sending API response: messageType:GetStepValueResponse  messageId:4  stepValueResponse:{stepValue:{stepValue:"Check {} is opened"  parameterizedStepValue:"Check <Ödeme Planı> is opened"  parameters:"Ödeme Planı"}}
21-04-2021 15:06:02.024 [Gauge] [INFO] Watching directory: C:\Users\user\Desktop\AkbankWebAutomation\specs
21-04-2021 15:06:02.025 [Gauge] [DEBUG] Found 1 files
21-04-2021 15:06:02.031 [Gauge] [INFO] Initializing concepts cache with 0 concepts
21-04-2021 15:06:02.037 [Gauge] [INFO] Spec file added / modified: C:\Users\user\Desktop\AkbankWebAutomation\specs\creditCalculation.spec
21-04-2021 15:07:35.911 [Gauge] [INFO] Watching directory: C:\Users\user\Desktop\AkbankWebAutomation\specs
21-04-2021 15:07:35.911 [Gauge] [DEBUG] Found 1 files
21-04-2021 15:07:35.915 [Gauge] [INFO] Initializing concepts cache with 0 concepts
21-04-2021 15:07:35.916 [Gauge] [INFO] Initializing specs cache with 1 specs
21-04-2021 15:07:35.916 [Gauge] [DEBUG] Adding specs from C:\Users\user\Desktop\AkbankWebAutomation\specs\creditCalculation.spec
21-04-2021 15:07:35.916 [Gauge] [INFO] Initializing steps cache with 1 steps
21-04-2021 15:07:35.916 [Gauge] [INFO] Gauge daemon initialized and listening on port: 55811
21-04-2021 15:07:38.384 [Gauge] [DEBUG] Api Request Received: messageType:GetStepValueRequest  messageId:4  stepValueRequest:{stepText:"Enter Akbank Home Page; \"https://www.akbank.com\""}
21-04-2021 15:07:38.399 [Gauge] [DEBUG] Sending API response: messageType:GetStepValueResponse  messageId:4  stepValueResponse:{stepValue:{stepValue:"Enter Akbank Home Page; {}"  parameterizedStepValue:"Enter Akbank Home Page; <https://www.akbank.com>"  parameters:"https://www.akbank.com"}}
21-04-2021 15:07:38.399 [Gauge] [DEBUG] Api Request Received: messageType:GetStepValueRequest  messageId:4  stepValueRequest:{stepText:"Set 'VADE' as \"20AY\""}
21-04-2021 15:07:38.400 [Gauge] [DEBUG] Sending API response: messageType:GetStepValueResponse  messageId:4  stepValueResponse:{stepValue:{stepValue:"Set 'VADE' as {}"  parameterizedStepValue:"Set 'VADE' as <20AY>"  parameters:"20AY"}}
21-04-2021 15:07:38.401 [Gauge] [DEBUG] Api Request Received: messageType:GetStepValueRequest  messageId:4  stepValueRequest:{stepText:"Enter Akbank Home Page; \"https://www.akbank.com\""}
21-04-2021 15:07:38.411 [Gauge] [DEBUG] Sending API response: messageType:GetStepValueResponse  messageId:4  stepValueResponse:{stepValue:{stepValue:"Enter Akbank Home Page; {}"  parameterizedStepValue:"Enter Akbank Home Page; <https://www.akbank.com>"  parameters:"https://www.akbank.com"}}
21-04-2021 15:07:38.412 [Gauge] [DEBUG] Api Request Received: messageType:GetStepValueRequest  messageId:4  stepValueRequest:{stepText:"Click on 'Kredi Hesaplama'"}
21-04-2021 15:07:38.420 [Gauge] [DEBUG] Sending API response: messageType:GetStepValueResponse  messageId:4  stepValueResponse:{stepValue:{stepValue:"Click on 'Kredi Hesaplama'"  parameterizedStepValue:"Click on 'Kredi Hesaplama'"}}
21-04-2021 15:07:38.420 [Gauge] [DEBUG] Api Request Received: messageType:GetStepValueRequest  messageId:4  stepValueRequest:{stepText:"Click on 'Kredi Hesaplama'"}
21-04-2021 15:07:38.420 [Gauge] [DEBUG] Sending API response: messageType:GetStepValueResponse  messageId:4  stepValueResponse:{stepValue:{stepValue:"Click on 'Kredi Hesaplama'"  parameterizedStepValue:"Click on 'Kredi Hesaplama'"}}
21-04-2021 15:07:38.421 [Gauge] [DEBUG] Api Request Received: messageType:GetStepValueRequest  messageId:4  stepValueRequest:{stepText:"Enter <key> TL in 'TUTAR' field"}
21-04-2021 15:07:38.421 [Gauge] [DEBUG] Sending API response: messageType:GetStepValueResponse  messageId:4  stepValueResponse:{stepValue:{stepValue:"Enter {} TL in 'TUTAR' field"  parameterizedStepValue:"Enter <key> TL in 'TUTAR' field"  parameters:"key"}}
21-04-2021 15:07:38.421 [Gauge] [DEBUG] Api Request Received: messageType:GetStepValueRequest  messageId:4  stepValueRequest:{stepText:"Enter <key> TL in 'TUTAR' field"}
21-04-2021 15:07:38.421 [Gauge] [DEBUG] Sending API response: messageType:GetStepValueResponse  messageId:4  stepValueResponse:{stepValue:{stepValue:"Enter {} TL in 'TUTAR' field"  parameterizedStepValue:"Enter <key> TL in 'TUTAR' field"  parameters:"key"}}
21-04-2021 15:07:38.421 [Gauge] [DEBUG] Api Request Received: messageType:GetStepValueRequest  messageId:4  stepValueRequest:{stepText:"Choose <key>"}
21-04-2021 15:07:38.421 [Gauge] [DEBUG] Sending API response: messageType:GetStepValueResponse  messageId:4  stepValueResponse:{stepValue:{stepValue:"Choose {}"  parameterizedStepValue:"Choose <key>"  parameters:"key"}}
21-04-2021 15:07:38.421 [Gauge] [DEBUG] Api Request Received: messageType:GetStepValueRequest  messageId:4  stepValueRequest:{stepText:"Choose <key>"}
21-04-2021 15:07:38.421 [Gauge] [DEBUG] Sending API response: messageType:GetStepValueResponse  messageId:4  stepValueResponse:{stepValue:{stepValue:"Choose {}"  parameterizedStepValue:"Choose <key>"  parameters:"key"}}
21-04-2021 15:07:38.421 [Gauge] [DEBUG] Api Request Received: messageType:GetStepValueRequest  messageId:4  stepValueRequest:{stepText:"Set 'VADE' as <key>"}
21-04-2021 15:07:38.421 [Gauge] [DEBUG] Sending API response: messageType:GetStepValueResponse  messageId:4  stepValueResponse:{stepValue:{stepValue:"Set 'VADE' as {}"  parameterizedStepValue:"Set 'VADE' as <key>"  parameters:"key"}}
21-04-2021 15:07:38.421 [Gauge] [DEBUG] Api Request Received: messageType:GetStepValueRequest  messageId:4  stepValueRequest:{stepText:"Set 'VADE' as <key>"}
21-04-2021 15:07:38.421 [Gauge] [DEBUG] Sending API response: messageType:GetStepValueResponse  messageId:4  stepValueResponse:{stepValue:{stepValue:"Set 'VADE' as {}"  parameterizedStepValue:"Set 'VADE' as <key>"  parameters:"key"}}
21-04-2021 15:07:38.422 [Gauge] [DEBUG] Api Request Received: messageType:GetStepValueRequest  messageId:4  stepValueRequest:{stepText:"Click 'Hesaplama Detayları'"}
21-04-2021 15:07:38.423 [Gauge] [DEBUG] Sending API response: messageType:GetStepValueResponse  messageId:4  stepValueResponse:{stepValue:{stepValue:"Click 'Hesaplama Detayları'"  parameterizedStepValue:"Click 'Hesaplama Detayları'"}}
21-04-2021 15:07:38.423 [Gauge] [DEBUG] Api Request Received: messageType:GetStepValueRequest  messageId:4  stepValueRequest:{stepText:"Check <key> is opened"}
21-04-2021 15:07:38.423 [Gauge] [DEBUG] Sending API response: messageType:GetStepValueResponse  messageId:4  stepValueResponse:{stepValue:{stepValue:"Check {} is opened"  parameterizedStepValue:"Check <key> is opened"  parameters:"key"}}
21-04-2021 15:07:38.423 [Gauge] [DEBUG] Api Request Received: messageType:GetStepValueRequest  messageId:4  stepValueRequest:{stepText:"Click 'Ödeme Planı'"}
21-04-2021 15:07:38.423 [Gauge] [DEBUG] Sending API response: messageType:GetStepValueResponse  messageId:4  stepValueResponse:{stepValue:{stepValue:"Click 'Ödeme Planı'"  parameterizedStepValue:"Click 'Ödeme Planı'"}}
21-04-2021 15:07:38.424 [Gauge] [DEBUG] Api Request Received: messageType:GetStepValueRequest  messageId:4  stepValueRequest:{stepText:"Scroll down on the 'Ödeme Planı' page until 20th is seen"}
21-04-2021 15:07:38.424 [Gauge] [DEBUG] Sending API response: messageType:GetStepValueResponse  messageId:4  stepValueResponse:{stepValue:{stepValue:"Scroll down on the 'Ödeme Planı' page until 20th is seen"  parameterizedStepValue:"Scroll down on the 'Ödeme Planı' page until 20th is seen"}}
21-04-2021 15:07:38.424 [Gauge] [DEBUG] Api Request Received: messageType:GetStepValueRequest  messageId:4  stepValueRequest:{stepText:"Enter Akbank Home Page; <key>"}
21-04-2021 15:07:38.424 [Gauge] [DEBUG] Sending API response: messageType:GetStepValueResponse  messageId:4  stepValueResponse:{stepValue:{stepValue:"Enter Akbank Home Page; {}"  parameterizedStepValue:"Enter Akbank Home Page; <key>"  parameters:"key"}}
21-04-2021 15:07:38.425 [Gauge] [DEBUG] Api Request Received: messageType:GetStepValueRequest  messageId:4  stepValueRequest:{stepText:"Scroll down to the bottom of the page"}
21-04-2021 15:07:38.427 [Gauge] [DEBUG] Sending API response: messageType:GetStepValueResponse  messageId:4  stepValueResponse:{stepValue:{stepValue:"Scroll down to the bottom of the page"  parameterizedStepValue:"Scroll down to the bottom of the page"}}
21-04-2021 15:07:38.428 [Gauge] [DEBUG] Api Request Received: messageType:GetStepValueRequest  messageId:4  stepValueRequest:{stepText:"Enter \"50000\" TL in 'TUTAR' field"}
21-04-2021 15:07:38.428 [Gauge] [DEBUG] Sending API response: messageType:GetStepValueResponse  messageId:4  stepValueResponse:{stepValue:{stepValue:"Enter {} TL in 'TUTAR' field"  parameterizedStepValue:"Enter <50000> TL in 'TUTAR' field"  parameters:"50000"}}
21-04-2021 15:07:38.438 [Gauge] [DEBUG] Api Request Received: messageType:GetStepValueRequest  messageId:4  stepValueRequest:{stepText:"Choose \"SİGORTASIZ\""}
21-04-2021 15:07:38.438 [Gauge] [DEBUG] Sending API response: messageType:GetStepValueResponse  messageId:4  stepValueResponse:{stepValue:{stepValue:"Choose {}"  parameterizedStepValue:"Choose <SİGORTASIZ>"  parameters:"SİGORTASIZ"}}
21-04-2021 15:07:38.766 [Gauge] [DEBUG] Api Request Received: messageType:GetStepValueRequest  messageId:4  stepValueRequest:{stepText:"Check \"Masraf ve Maliyet Oranları\" is opened"}
21-04-2021 15:07:38.766 [Gauge] [DEBUG] Sending API response: messageType:GetStepValueResponse  messageId:4  stepValueResponse:{stepValue:{stepValue:"Check {} is opened"  parameterizedStepValue:"Check <Masraf ve Maliyet Oranları> is opened"  parameters:"Masraf ve Maliyet Oranları"}}
21-04-2021 15:07:38.774 [Gauge] [DEBUG] Api Request Received: messageType:GetStepValueRequest  messageId:4  stepValueRequest:{stepText:"Check \"Ödeme Planı\" is opened"}
21-04-2021 15:07:38.778 [Gauge] [DEBUG] Sending API response: messageType:GetStepValueResponse  messageId:4  stepValueResponse:{stepValue:{stepValue:"Check {} is opened"  parameterizedStepValue:"Check <Ödeme Planı> is opened"  parameters:"Ödeme Planı"}}
21-04-2021 15:42:33.942 [Gauge] [INFO] Watching directory: C:\Users\user\Desktop\AkbankWebAutomation\specs
21-04-2021 15:42:33.943 [Gauge] [DEBUG] Found 1 files
21-04-2021 15:42:33.946 [Gauge] [INFO] Initializing concepts cache with 0 concepts
21-04-2021 15:42:33.946 [Gauge] [INFO] Initializing specs cache with 1 specs
21-04-2021 15:42:33.946 [Gauge] [DEBUG] Adding specs from C:\Users\user\Desktop\AkbankWebAutomation\specs\creditCalculation.spec
21-04-2021 15:42:33.947 [Gauge] [INFO] Initializing steps cache with 1 steps
21-04-2021 15:42:33.947 [Gauge] [INFO] Gauge daemon initialized and listening on port: 56136
21-04-2021 15:45:33.358 [Gauge] [INFO] Watching directory: C:\Users\user\Desktop\AkbankWebAutomation\specs
21-04-2021 15:45:33.359 [Gauge] [DEBUG] Found 1 files
21-04-2021 15:45:33.362 [Gauge] [INFO] Initializing concepts cache with 0 concepts
21-04-2021 15:45:33.363 [Gauge] [INFO] Initializing specs cache with 1 specs
21-04-2021 15:45:33.363 [Gauge] [DEBUG] Adding specs from C:\Users\user\Desktop\AkbankWebAutomation\specs\creditCalculation.spec
21-04-2021 15:45:33.363 [Gauge] [INFO] Initializing steps cache with 1 steps
21-04-2021 15:45:33.363 [Gauge] [INFO] Gauge daemon initialized and listening on port: 56218
21-04-2021 15:52:35.989 [Gauge] [INFO] Watching directory: C:\Users\user\Desktop\AkbankWebAutomation\specs
21-04-2021 15:52:35.990 [Gauge] [DEBUG] Found 1 files
21-04-2021 15:52:35.994 [Gauge] [INFO] Initializing concepts cache with 0 concepts
21-04-2021 15:52:35.995 [Gauge] [INFO] Initializing specs cache with 1 specs
21-04-2021 15:52:35.995 [Gauge] [DEBUG] Adding specs from C:\Users\user\Desktop\AkbankWebAutomation\specs\creditCalculation.spec
21-04-2021 15:52:35.995 [Gauge] [INFO] Initializing steps cache with 1 steps
21-04-2021 15:52:35.995 [Gauge] [INFO] Gauge daemon initialized and listening on port: 56316
21-04-2021 15:58:39.407 [Gauge] [INFO] Watching directory: C:\Users\user\Desktop\AkbankWebAutomation\specs
21-04-2021 15:58:39.408 [Gauge] [DEBUG] Found 1 files
21-04-2021 15:58:39.412 [Gauge] [INFO] Initializing concepts cache with 0 concepts
21-04-2021 15:58:39.413 [Gauge] [INFO] Initializing specs cache with 1 specs
21-04-2021 15:58:39.413 [Gauge] [DEBUG] Adding specs from C:\Users\user\Desktop\AkbankWebAutomation\specs\creditCalculation.spec
21-04-2021 15:58:39.413 [Gauge] [INFO] Initializing steps cache with 1 steps
21-04-2021 15:58:39.413 [Gauge] [INFO] Gauge daemon initialized and listening on port: 56474
21-04-2021 15:58:47.367 [Gauge] [DEBUG] Api Request Received: messageType:GetStepValueRequest  messageId:4  stepValueRequest:{stepText:"Scroll down on the 'Ödeme Planı' page until 20th is seen"}
21-04-2021 15:58:47.371 [Gauge] [DEBUG] Sending API response: messageType:GetStepValueResponse  messageId:4  stepValueResponse:{stepValue:{stepValue:"Scroll down on the 'Ödeme Planı' page until 20th is seen"  parameterizedStepValue:"Scroll down on the 'Ödeme Planı' page until 20th is seen"}}
21-04-2021 15:58:47.371 [Gauge] [DEBUG] Api Request Received: messageType:GetStepValueRequest  messageId:4  stepValueRequest:{stepText:"Enter Akbank Home Page; \"https://www.akbank.com\""}
21-04-2021 15:58:47.371 [Gauge] [DEBUG] Sending API response: messageType:GetStepValueResponse  messageId:4  stepValueResponse:{stepValue:{stepValue:"Enter Akbank Home Page; {}"  parameterizedStepValue:"Enter Akbank Home Page; <https://www.akbank.com>"  parameters:"https://www.akbank.com"}}
21-04-2021 15:58:47.842 [Gauge] [DEBUG] Api Request Received: messageType:GetStepValueRequest  messageId:4  stepValueRequest:{stepText:"Click on 'Kredi Hesaplama'"}
21-04-2021 15:58:47.842 [Gauge] [DEBUG] Sending API response: messageType:GetStepValueResponse  messageId:4  stepValueResponse:{stepValue:{stepValue:"Click on 'Kredi Hesaplama'"  parameterizedStepValue:"Click on 'Kredi Hesaplama'"}}
21-04-2021 15:58:47.842 [Gauge] [DEBUG] Api Request Received: messageType:GetStepValueRequest  messageId:4  stepValueRequest:{stepText:"Enter <key> TL in 'TUTAR' field"}
21-04-2021 15:58:47.843 [Gauge] [DEBUG] Sending API response: messageType:GetStepValueResponse  messageId:4  stepValueResponse:{stepValue:{stepValue:"Enter {} TL in 'TUTAR' field"  parameterizedStepValue:"Enter <key> TL in 'TUTAR' field"  parameters:"key"}}
21-04-2021 15:58:47.844 [Gauge] [DEBUG] Api Request Received: messageType:GetStepValueRequest  messageId:4  stepValueRequest:{stepText:"Click on 'Kredi Hesaplama'"}
21-04-2021 15:58:47.844 [Gauge] [DEBUG] Sending API response: messageType:GetStepValueResponse  messageId:4  stepValueResponse:{stepValue:{stepValue:"Click on 'Kredi Hesaplama'"  parameterizedStepValue:"Click on 'Kredi Hesaplama'"}}
21-04-2021 15:58:47.844 [Gauge] [DEBUG] Api Request Received: messageType:GetStepValueRequest  messageId:4  stepValueRequest:{stepText:"Choose <key>"}
21-04-2021 15:58:47.844 [Gauge] [DEBUG] Sending API response: messageType:GetStepValueResponse  messageId:4  stepValueResponse:{stepValue:{stepValue:"Choose {}"  parameterizedStepValue:"Choose <key>"  parameters:"key"}}
21-04-2021 15:58:47.844 [Gauge] [DEBUG] Api Request Received: messageType:GetStepValueRequest  messageId:4  stepValueRequest:{stepText:"Choose <key>"}
21-04-2021 15:58:47.844 [Gauge] [DEBUG] Sending API response: messageType:GetStepValueResponse  messageId:4  stepValueResponse:{stepValue:{stepValue:"Choose {}"  parameterizedStepValue:"Choose <key>"  parameters:"key"}}
21-04-2021 15:58:47.845 [Gauge] [DEBUG] Api Request Received: messageType:GetStepValueRequest  messageId:4  stepValueRequest:{stepText:"Set 'VADE' as <key>"}
21-04-2021 15:58:47.845 [Gauge] [DEBUG] Sending API response: messageType:GetStepValueResponse  messageId:4  stepValueResponse:{stepValue:{stepValue:"Set 'VADE' as {}"  parameterizedStepValue:"Set 'VADE' as <key>"  parameters:"key"}}
21-04-2021 15:58:47.845 [Gauge] [DEBUG] Api Request Received: messageType:GetStepValueRequest  messageId:4  stepValueRequest:{stepText:"Set 'VADE' as <key>"}
21-04-2021 15:58:47.846 [Gauge] [DEBUG] Sending API response: messageType:GetStepValueResponse  messageId:4  stepValueResponse:{stepValue:{stepValue:"Set 'VADE' as {}"  parameterizedStepValue:"Set 'VADE' as <key>"  parameters:"key"}}
21-04-2021 15:58:47.846 [Gauge] [DEBUG] Api Request Received: messageType:GetStepValueRequest  messageId:4  stepValueRequest:{stepText:"Click 'Hesaplama Detayları'"}
21-04-2021 15:58:47.846 [Gauge] [DEBUG] Sending API response: messageType:GetStepValueResponse  messageId:4  stepValueResponse:{stepValue:{stepValue:"Click 'Hesaplama Detayları'"  parameterizedStepValue:"Click 'Hesaplama Detayları'"}}
21-04-2021 15:58:47.847 [Gauge] [DEBUG] Api Request Received: messageType:GetStepValueRequest  messageId:4  stepValueRequest:{stepText:"Click 'Hesaplama Detayları'"}
21-04-2021 15:58:47.847 [Gauge] [DEBUG] Sending API response: messageType:GetStepValueResponse  messageId:4  stepValueResponse:{stepValue:{stepValue:"Click 'Hesaplama Detayları'"  parameterizedStepValue:"Click 'Hesaplama Detayları'"}}
21-04-2021 15:58:47.847 [Gauge] [DEBUG] Api Request Received: messageType:GetStepValueRequest  messageId:4  stepValueRequest:{stepText:"Check <key> is opened"}
21-04-2021 15:58:47.847 [Gauge] [DEBUG] Sending API response: messageType:GetStepValueResponse  messageId:4  stepValueResponse:{stepValue:{stepValue:"Check {} is opened"  parameterizedStepValue:"Check <key> is opened"  parameters:"key"}}
21-04-2021 15:58:47.848 [Gauge] [DEBUG] Api Request Received: messageType:GetStepValueRequest  messageId:4  stepValueRequest:{stepText:"Check <key> is opened"}
21-04-2021 15:58:47.848 [Gauge] [DEBUG] Sending API response: messageType:GetStepValueResponse  messageId:4  stepValueResponse:{stepValue:{stepValue:"Check {} is opened"  parameterizedStepValue:"Check <key> is opened"  parameters:"key"}}
21-04-2021 15:58:47.848 [Gauge] [DEBUG] Api Request Received: messageType:GetStepValueRequest  messageId:4  stepValueRequest:{stepText:"Click 'Ödeme Planı'"}
21-04-2021 15:58:47.848 [Gauge] [DEBUG] Sending API response: messageType:GetStepValueResponse  messageId:4  stepValueResponse:{stepValue:{stepValue:"Click 'Ödeme Planı'"  parameterizedStepValue:"Click 'Ödeme Planı'"}}
21-04-2021 15:58:47.849 [Gauge] [DEBUG] Api Request Received: messageType:GetStepValueRequest  messageId:4  stepValueRequest:{stepText:"Click 'Ödeme Planı'"}
21-04-2021 15:58:47.849 [Gauge] [DEBUG] Sending API response: messageType:GetStepValueResponse  messageId:4  stepValueResponse:{stepValue:{stepValue:"Click 'Ödeme Planı'"  parameterizedStepValue:"Click 'Ödeme Planı'"}}
21-04-2021 15:58:47.849 [Gauge] [DEBUG] Api Request Received: messageType:GetStepValueRequest  messageId:4  stepValueRequest:{stepText:"Enter Akbank Home Page; <key>"}
21-04-2021 15:58:47.849 [Gauge] [DEBUG] Sending API response: messageType:GetStepValueResponse  messageId:4  stepValueResponse:{stepValue:{stepValue:"Enter Akbank Home Page; {}"  parameterizedStepValue:"Enter Akbank Home Page; <key>"  parameters:"key"}}
21-04-2021 15:58:47.852 [Gauge] [DEBUG] Api Request Received: messageType:GetStepValueRequest  messageId:4  stepValueRequest:{stepText:"Scroll down to the bottom of the page"}
21-04-2021 15:58:47.857 [Gauge] [DEBUG] Sending API response: messageType:GetStepValueResponse  messageId:4  stepValueResponse:{stepValue:{stepValue:"Scroll down to the bottom of the page"  parameterizedStepValue:"Scroll down to the bottom of the page"}}
21-04-2021 15:58:47.870 [Gauge] [DEBUG] Api Request Received: messageType:GetStepValueRequest  messageId:4  stepValueRequest:{stepText:"Enter \"50000\" TL in 'TUTAR' field"}
21-04-2021 15:58:47.870 [Gauge] [DEBUG] Sending API response: messageType:GetStepValueResponse  messageId:4  stepValueResponse:{stepValue:{stepValue:"Enter {} TL in 'TUTAR' field"  parameterizedStepValue:"Enter <50000> TL in 'TUTAR' field"  parameters:"50000"}}
21-04-2021 15:58:47.878 [Gauge] [DEBUG] Api Request Received: messageType:GetStepValueRequest  messageId:4  stepValueRequest:{stepText:"Choose \"SİGORTASIZ\""}
21-04-2021 15:58:47.878 [Gauge] [DEBUG] Sending API response: messageType:GetStepValueResponse  messageId:4  stepValueResponse:{stepValue:{stepValue:"Choose {}"  parameterizedStepValue:"Choose <SİGORTASIZ>"  parameters:"SİGORTASIZ"}}
21-04-2021 15:58:47.882 [Gauge] [DEBUG] Api Request Received: messageType:GetStepValueRequest  messageId:4  stepValueRequest:{stepText:"Set 'VADE' as \"20AY\""}
21-04-2021 15:58:47.882 [Gauge] [DEBUG] Sending API response: messageType:GetStepValueResponse  messageId:4  stepValueResponse:{stepValue:{stepValue:"Set 'VADE' as {}"  parameterizedStepValue:"Set 'VADE' as <20AY>"  parameters:"20AY"}}
21-04-2021 15:58:47.889 [Gauge] [DEBUG] Api Request Received: messageType:GetStepValueRequest  messageId:4  stepValueRequest:{stepText:"Check \"Masraf ve Maliyet Oranları\" is opened"}
21-04-2021 15:58:47.891 [Gauge] [DEBUG] Sending API response: messageType:GetStepValueResponse  messageId:4  stepValueResponse:{stepValue:{stepValue:"Check {} is opened"  parameterizedStepValue:"Check <Masraf ve Maliyet Oranları> is opened"  parameters:"Masraf ve Maliyet Oranları"}}
21-04-2021 15:58:47.897 [Gauge] [DEBUG] Api Request Received: messageType:GetStepValueRequest  messageId:4  stepValueRequest:{stepText:"Check \"Ödeme Planı\" is opened"}
21-04-2021 15:58:47.897 [Gauge] [DEBUG] Sending API response: messageType:GetStepValueResponse  messageId:4  stepValueResponse:{stepValue:{stepValue:"Check {} is opened"  parameterizedStepValue:"Check <Ödeme Planı> is opened"  parameters:"Ödeme Planı"}}
